0 info it worked if it ends with ok
1 verbose cli [ '/usr/local/Cellar/node/5.2.0/bin/node',
1 verbose cli   '/usr/local/bin/npm',
1 verbose cli   'run',
1 verbose cli   'css' ]
2 info using npm@3.5.2
3 info using node@v5.2.0
4 verbose run-script [ 'precss', 'css', 'postcss' ]
5 info lifecycle hologram-github-theme-example@0.0.0~precss: hologram-github-theme-example@0.0.0
6 silly lifecycle hologram-github-theme-example@0.0.0~precss: no script for precss, continuing
7 info lifecycle hologram-github-theme-example@0.0.0~css: hologram-github-theme-example@0.0.0
8 verbose lifecycle hologram-github-theme-example@0.0.0~css: unsafe-perm in lifecycle true
9 verbose lifecycle hologram-github-theme-example@0.0.0~css: PATH: /usr/local/lib/node_modules/npm/bin/node-gyp-bin:/Users/mikeywills/Code/invibe-styleguide/node_modules/.bin:/usr/local/lib/node_modules/npm/bin/node-gyp-bin:/Users/mikeywills/Code/invibe-styleguide/node_modules/.bin:/usr/local/lib/node_modules/npm/bin/node-gyp-bin:/Users/mikeywills/Code/invibe-styleguide/node_modules/.bin:/Users/mikeywills/.rbenv/shims:/usr/local/bin:/usr/local/sbin:/usr/bin:/bin:/usr/sbin:/sbin:.git/safe/../../bin:/Users/mikeywills/.bin
10 verbose lifecycle hologram-github-theme-example@0.0.0~css: CWD: /Users/mikeywills/Code/invibe-styleguide
11 silly lifecycle hologram-github-theme-example@0.0.0~css: Args: [ '-c', 'npm run css:sass' ]
12 silly lifecycle hologram-github-theme-example@0.0.0~css: Returned: code: 1  signal: null
13 info lifecycle hologram-github-theme-example@0.0.0~css: Failed to exec css script
14 verbose stack Error: hologram-github-theme-example@0.0.0 css: `npm run css:sass`
14 verbose stack Exit status 1
14 verbose stack     at EventEmitter.<anonymous> (/usr/local/lib/node_modules/npm/lib/utils/lifecycle.js:232:16)
14 verbose stack     at emitTwo (events.js:88:13)
14 verbose stack     at EventEmitter.emit (events.js:173:7)
14 verbose stack     at ChildProcess.<anonymous> (/usr/local/lib/node_modules/npm/lib/utils/spawn.js:24:14)
14 verbose stack     at emitTwo (events.js:88:13)
14 verbose stack     at ChildProcess.emit (events.js:173:7)
14 verbose stack     at maybeClose (internal/child_process.js:819:16)
14 verbose stack     at Process.ChildProcess._handle.onexit (internal/child_process.js:212:5)
15 verbose pkgid hologram-github-theme-example@0.0.0
16 verbose cwd /Users/mikeywills/Code/invibe-styleguide
17 error Darwin 15.2.0
18 error argv "/usr/local/Cellar/node/5.2.0/bin/node" "/usr/local/bin/npm" "run" "css"
19 error node v5.2.0
20 error npm  v3.5.2
21 error code ELIFECYCLE
22 error hologram-github-theme-example@0.0.0 css: `npm run css:sass`
22 error Exit status 1
23 error Failed at the hologram-github-theme-example@0.0.0 css script 'npm run css:sass'.
23 error Make sure you have the latest version of node.js and npm installed.
23 error If you do, this is most likely a problem with the hologram-github-theme-example package,
23 error not with npm itself.
23 error Tell the author that this fails on your system:
23 error     npm run css:sass
23 error You can get information on how to open an issue for this project with:
23 error     npm bugs hologram-github-theme-example
23 error Or if that isn't available, you can get their info via:
23 error     npm owner ls hologram-github-theme-example
23 error There is likely additional logging output above.
24 verbose exit [ 1, true ]
